<?xml version="1.0" encoding="UTF-8"?>
<testsuite xmlns:xsi="http://www.w3.org/2001/XMLSchema-instance" xsi:noNamespaceSchemaLocation="https://maven.apache.org/surefire/maven-surefire-plugin/xsd/surefire-test-report.xsd" name="TestSuite" time="179.958" tests="5" errors="0" skipped="1" failures="2">
  <properties>
    <property name="sun.desktop" value="windows"/>
    <property name="awt.toolkit" value="sun.awt.windows.WToolkit"/>
    <property name="java.specification.version" value="11"/>
    <property name="sun.cpu.isalist" value="amd64"/>
    <property name="sun.jnu.encoding" value="Cp1252"/>
    <property name="java.class.path" value="C:\tools\workspace\PageObjectExtended\target\test-classes;C:\tools\workspace\PageObjectExtended\target\classes;C:\Users\Noman Siddiqui\.m2\repository\commons-io\commons-io\2.7\commons-io-2.7.jar;C:\Users\Noman Siddiqui\.m2\repository\log4j\log4j\1.2.17\log4j-1.2.17.jar;C:\Users\Noman Siddiqui\.m2\repository\javax\mail\mail\1.4.7\mail-1.4.7.jar;C:\Users\Noman Siddiqui\.m2\repository\javax\activation\activation\1.1\activation-1.1.jar;C:\Users\Noman Siddiqui\.m2\repository\com\aventstack\extentreports\4.1.6\extentreports-4.1.6.jar;C:\Users\Noman Siddiqui\.m2\repository\org\freemarker\freemarker\2.3.29\freemarker-2.3.29.jar;C:\Users\Noman Siddiqui\.m2\repository\org\apache\httpcomponents\httpclient\4.5.2\httpclient-4.5.2.jar;C:\Users\Noman Siddiqui\.m2\repository\org\apache\httpcomponents\httpcore\4.4.4\httpcore-4.4.4.jar;C:\Users\Noman Siddiqui\.m2\repository\commons-codec\commons-codec\1.9\commons-codec-1.9.jar;C:\Users\Noman Siddiqui\.m2\repository\org\apache\httpcomponents\httpmime\4.5.2\httpmime-4.5.2.jar;C:\Users\Noman Siddiqui\.m2\repository\com\google\code\gson\gson\2.8.6\gson-2.8.6.jar;C:\Users\Noman Siddiqui\.m2\repository\org\mongodb\mongodb-driver\3.12.0\mongodb-driver-3.12.0.jar;C:\Users\Noman Siddiqui\.m2\repository\org\mongodb\mongodb-driver-core\3.12.0\mongodb-driver-core-3.12.0.jar;C:\Users\Noman Siddiqui\.m2\repository\org\mongodb\bson\3.12.0\bson-3.12.0.jar;C:\Users\Noman Siddiqui\.m2\repository\org\apache\poi\poi\3.6\poi-3.6.jar;C:\Users\Noman Siddiqui\.m2\repository\commons-logging\commons-logging\1.1\commons-logging-1.1.jar;C:\Users\Noman Siddiqui\.m2\repository\logkit\logkit\1.0.1\logkit-1.0.1.jar;C:\Users\Noman Siddiqui\.m2\repository\avalon-framework\avalon-framework\4.1.3\avalon-framework-4.1.3.jar;C:\Users\Noman Siddiqui\.m2\repository\javax\servlet\servlet-api\2.3\servlet-api-2.3.jar;C:\Users\Noman Siddiqui\.m2\repository\org\apache\poi\poi-ooxml\3.6\poi-ooxml-3.6.jar;C:\Users\Noman Siddiqui\.m2\repository\dom4j\dom4j\1.6.1\dom4j-1.6.1.jar;C:\Users\Noman Siddiqui\.m2\repository\xml-apis\xml-apis\1.0.b2\xml-apis-1.0.b2.jar;C:\Users\Noman Siddiqui\.m2\repository\org\apache\poi\poi-ooxml-schemas\3.6\poi-ooxml-schemas-3.6.jar;C:\Users\Noman Siddiqui\.m2\repository\org\apache\xmlbeans\xmlbeans\2.3.0\xmlbeans-2.3.0.jar;C:\Users\Noman Siddiqui\.m2\repository\stax\stax-api\1.0.1\stax-api-1.0.1.jar;C:\Users\Noman Siddiqui\.m2\repository\org\apache\geronimo\specs\geronimo-stax-api_1.0_spec\1.0\geronimo-stax-api_1.0_spec-1.0.jar;C:\Users\Noman Siddiqui\.m2\repository\org\testng\testng\6.14.3\testng-6.14.3.jar;C:\Users\Noman Siddiqui\.m2\repository\com\beust\jcommander\1.72\jcommander-1.72.jar;C:\Users\Noman Siddiqui\.m2\repository\org\apache-extras\beanshell\bsh\2.0b6\bsh-2.0b6.jar;C:\Users\Noman Siddiqui\.m2\repository\io\github\bonigarcia\webdrivermanager\4.0.0\webdrivermanager-4.0.0.jar;C:\Users\Noman Siddiqui\.m2\repository\org\slf4j\slf4j-api\1.7.30\slf4j-api-1.7.30.jar;C:\Users\Noman Siddiqui\.m2\repository\org\apache\commons\commons-lang3\3.10\commons-lang3-3.10.jar;C:\Users\Noman Siddiqui\.m2\repository\org\apache\httpcomponents\client5\httpclient5\5.0\httpclient5-5.0.jar;C:\Users\Noman Siddiqui\.m2\repository\org\apache\httpcomponents\core5\httpcore5\5.0\httpcore5-5.0.jar;C:\Users\Noman Siddiqui\.m2\repository\org\apache\httpcomponents\core5\httpcore5-h2\5.0\httpcore5-h2-5.0.jar;C:\Users\Noman Siddiqui\.m2\repository\org\rauschig\jarchivelib\1.0.0\jarchivelib-1.0.0.jar;C:\Users\Noman Siddiqui\.m2\repository\org\apache\commons\commons-compress\1.18\commons-compress-1.18.jar;C:\Users\Noman Siddiqui\.m2\repository\org\jsoup\jsoup\1.13.1\jsoup-1.13.1.jar;C:\Users\Noman Siddiqui\.m2\repository\org\seleniumhq\selenium\selenium-java\3.141.59\selenium-java-3.141.59.jar;C:\Users\Noman Siddiqui\.m2\repository\org\seleniumhq\selenium\selenium-api\3.141.59\selenium-api-3.141.59.jar;C:\Users\Noman Siddiqui\.m2\repository\org\seleniumhq\selenium\selenium-chrome-driver\3.141.59\selenium-chrome-driver-3.141.59.jar;C:\Users\Noman Siddiqui\.m2\repository\org\seleniumhq\selenium\selenium-edge-driver\3.141.59\selenium-edge-driver-3.141.59.jar;C:\Users\Noman Siddiqui\.m2\repository\org\seleniumhq\selenium\selenium-firefox-driver\3.141.59\selenium-firefox-driver-3.141.59.jar;C:\Users\Noman Siddiqui\.m2\repository\org\seleniumhq\selenium\selenium-ie-driver\3.141.59\selenium-ie-driver-3.141.59.jar;C:\Users\Noman Siddiqui\.m2\repository\org\seleniumhq\selenium\selenium-opera-driver\3.141.59\selenium-opera-driver-3.141.59.jar;C:\Users\Noman Siddiqui\.m2\repository\org\seleniumhq\selenium\selenium-remote-driver\3.141.59\selenium-remote-driver-3.141.59.jar;C:\Users\Noman Siddiqui\.m2\repository\org\seleniumhq\selenium\selenium-safari-driver\3.141.59\selenium-safari-driver-3.141.59.jar;C:\Users\Noman Siddiqui\.m2\repository\org\seleniumhq\selenium\selenium-support\3.141.59\selenium-support-3.141.59.jar;C:\Users\Noman Siddiqui\.m2\repository\net\bytebuddy\byte-buddy\1.8.15\byte-buddy-1.8.15.jar;C:\Users\Noman Siddiqui\.m2\repository\org\apache\commons\commons-exec\1.3\commons-exec-1.3.jar;C:\Users\Noman Siddiqui\.m2\repository\com\google\guava\guava\25.0-jre\guava-25.0-jre.jar;C:\Users\Noman Siddiqui\.m2\repository\com\google\code\findbugs\jsr305\1.3.9\jsr305-1.3.9.jar;C:\Users\Noman Siddiqui\.m2\repository\org\checkerframework\checker-compat-qual\2.0.0\checker-compat-qual-2.0.0.jar;C:\Users\Noman Siddiqui\.m2\repository\com\google\errorprone\error_prone_annotations\2.1.3\error_prone_annotations-2.1.3.jar;C:\Users\Noman Siddiqui\.m2\repository\com\google\j2objc\j2objc-annotations\1.1\j2objc-annotations-1.1.jar;C:\Users\Noman Siddiqui\.m2\repository\org\codehaus\mojo\animal-sniffer-annotations\1.14\animal-sniffer-annotations-1.14.jar;C:\Users\Noman Siddiqui\.m2\repository\com\squareup\okhttp3\okhttp\3.11.0\okhttp-3.11.0.jar;C:\Users\Noman Siddiqui\.m2\repository\com\squareup\okio\okio\1.14.0\okio-1.14.0.jar;C:\Users\Noman Siddiqui\.m2\repository\org\seleniumhq\selenium\selenium-server\3.141.59\selenium-server-3.141.59.jar;C:\Users\Noman Siddiqui\.m2\repository\net\jcip\jcip-annotations\1.0\jcip-annotations-1.0.jar;C:\Users\Noman Siddiqui\.m2\repository\org\seleniumhq\selenium\jetty-repacked\9.4.12.v20180830\jetty-repacked-9.4.12.v20180830.jar;C:\Users\Noman Siddiqui\.m2\repository\javax\servlet\javax.servlet-api\3.1.0\javax.servlet-api-3.1.0.jar;C:\Users\Noman Siddiqui\.m2\repository\org\yaml\snakeyaml\1.19\snakeyaml-1.19.jar;"/>
    <property name="java.vm.vendor" value="Oracle Corporation"/>
    <property name="sun.arch.data.model" value="64"/>
    <property name="user.variant" value=""/>
    <property name="java.vendor.url" value="http://java.oracle.com/"/>
    <property name="user.timezone" value="America/New_York"/>
    <property name="java.vm.specification.version" value="11"/>
    <property name="os.name" value="Windows 10"/>
    <property name="sun.java.launcher" value="SUN_STANDARD"/>
    <property name="user.country" value="CA"/>
    <property name="sun.boot.library.path" value="C:\Program Files\Java\jdk-11.0.4\bin"/>
    <property name="sun.java.command" value="C:\Users\Noman Siddiqui\AppData\Local\Temp\surefire16797475389144341025\surefirebooter15528492343459618421.jar C:\Users\Noman Siddiqui\AppData\Local\Temp\surefire16797475389144341025 2020-06-16T10-31-35_047-jvmRun1 surefire7840383021850359488tmp surefire_07094963983680765744tmp"/>
    <property name="jdk.debug" value="release"/>
    <property name="surefire.test.class.path" value="C:\tools\workspace\PageObjectExtended\target\test-classes;C:\tools\workspace\PageObjectExtended\target\classes;C:\Users\Noman Siddiqui\.m2\repository\commons-io\commons-io\2.7\commons-io-2.7.jar;C:\Users\Noman Siddiqui\.m2\repository\log4j\log4j\1.2.17\log4j-1.2.17.jar;C:\Users\Noman Siddiqui\.m2\repository\javax\mail\mail\1.4.7\mail-1.4.7.jar;C:\Users\Noman Siddiqui\.m2\repository\javax\activation\activation\1.1\activation-1.1.jar;C:\Users\Noman Siddiqui\.m2\repository\com\aventstack\extentreports\4.1.6\extentreports-4.1.6.jar;C:\Users\Noman Siddiqui\.m2\repository\org\freemarker\freemarker\2.3.29\freemarker-2.3.29.jar;C:\Users\Noman Siddiqui\.m2\repository\org\apache\httpcomponents\httpclient\4.5.2\httpclient-4.5.2.jar;C:\Users\Noman Siddiqui\.m2\repository\org\apache\httpcomponents\httpcore\4.4.4\httpcore-4.4.4.jar;C:\Users\Noman Siddiqui\.m2\repository\commons-codec\commons-codec\1.9\commons-codec-1.9.jar;C:\Users\Noman Siddiqui\.m2\repository\org\apache\httpcomponents\httpmime\4.5.2\httpmime-4.5.2.jar;C:\Users\Noman Siddiqui\.m2\repository\com\google\code\gson\gson\2.8.6\gson-2.8.6.jar;C:\Users\Noman Siddiqui\.m2\repository\org\mongodb\mongodb-driver\3.12.0\mongodb-driver-3.12.0.jar;C:\Users\Noman Siddiqui\.m2\repository\org\mongodb\mongodb-driver-core\3.12.0\mongodb-driver-core-3.12.0.jar;C:\Users\Noman Siddiqui\.m2\repository\org\mongodb\bson\3.12.0\bson-3.12.0.jar;C:\Users\Noman Siddiqui\.m2\repository\org\apache\poi\poi\3.6\poi-3.6.jar;C:\Users\Noman Siddiqui\.m2\repository\commons-logging\commons-logging\1.1\commons-logging-1.1.jar;C:\Users\Noman Siddiqui\.m2\repository\logkit\logkit\1.0.1\logkit-1.0.1.jar;C:\Users\Noman Siddiqui\.m2\repository\avalon-framework\avalon-framework\4.1.3\avalon-framework-4.1.3.jar;C:\Users\Noman Siddiqui\.m2\repository\javax\servlet\servlet-api\2.3\servlet-api-2.3.jar;C:\Users\Noman Siddiqui\.m2\repository\org\apache\poi\poi-ooxml\3.6\poi-ooxml-3.6.jar;C:\Users\Noman Siddiqui\.m2\repository\dom4j\dom4j\1.6.1\dom4j-1.6.1.jar;C:\Users\Noman Siddiqui\.m2\repository\xml-apis\xml-apis\1.0.b2\xml-apis-1.0.b2.jar;C:\Users\Noman Siddiqui\.m2\repository\org\apache\poi\poi-ooxml-schemas\3.6\poi-ooxml-schemas-3.6.jar;C:\Users\Noman Siddiqui\.m2\repository\org\apache\xmlbeans\xmlbeans\2.3.0\xmlbeans-2.3.0.jar;C:\Users\Noman Siddiqui\.m2\repository\stax\stax-api\1.0.1\stax-api-1.0.1.jar;C:\Users\Noman Siddiqui\.m2\repository\org\apache\geronimo\specs\geronimo-stax-api_1.0_spec\1.0\geronimo-stax-api_1.0_spec-1.0.jar;C:\Users\Noman Siddiqui\.m2\repository\org\testng\testng\6.14.3\testng-6.14.3.jar;C:\Users\Noman Siddiqui\.m2\repository\com\beust\jcommander\1.72\jcommander-1.72.jar;C:\Users\Noman Siddiqui\.m2\repository\org\apache-extras\beanshell\bsh\2.0b6\bsh-2.0b6.jar;C:\Users\Noman Siddiqui\.m2\repository\io\github\bonigarcia\webdrivermanager\4.0.0\webdrivermanager-4.0.0.jar;C:\Users\Noman Siddiqui\.m2\repository\org\slf4j\slf4j-api\1.7.30\slf4j-api-1.7.30.jar;C:\Users\Noman Siddiqui\.m2\repository\org\apache\commons\commons-lang3\3.10\commons-lang3-3.10.jar;C:\Users\Noman Siddiqui\.m2\repository\org\apache\httpcomponents\client5\httpclient5\5.0\httpclient5-5.0.jar;C:\Users\Noman Siddiqui\.m2\repository\org\apache\httpcomponents\core5\httpcore5\5.0\httpcore5-5.0.jar;C:\Users\Noman Siddiqui\.m2\repository\org\apache\httpcomponents\core5\httpcore5-h2\5.0\httpcore5-h2-5.0.jar;C:\Users\Noman Siddiqui\.m2\repository\org\rauschig\jarchivelib\1.0.0\jarchivelib-1.0.0.jar;C:\Users\Noman Siddiqui\.m2\repository\org\apache\commons\commons-compress\1.18\commons-compress-1.18.jar;C:\Users\Noman Siddiqui\.m2\repository\org\jsoup\jsoup\1.13.1\jsoup-1.13.1.jar;C:\Users\Noman Siddiqui\.m2\repository\org\seleniumhq\selenium\selenium-java\3.141.59\selenium-java-3.141.59.jar;C:\Users\Noman Siddiqui\.m2\repository\org\seleniumhq\selenium\selenium-api\3.141.59\selenium-api-3.141.59.jar;C:\Users\Noman Siddiqui\.m2\repository\org\seleniumhq\selenium\selenium-chrome-driver\3.141.59\selenium-chrome-driver-3.141.59.jar;C:\Users\Noman Siddiqui\.m2\repository\org\seleniumhq\selenium\selenium-edge-driver\3.141.59\selenium-edge-driver-3.141.59.jar;C:\Users\Noman Siddiqui\.m2\repository\org\seleniumhq\selenium\selenium-firefox-driver\3.141.59\selenium-firefox-driver-3.141.59.jar;C:\Users\Noman Siddiqui\.m2\repository\org\seleniumhq\selenium\selenium-ie-driver\3.141.59\selenium-ie-driver-3.141.59.jar;C:\Users\Noman Siddiqui\.m2\repository\org\seleniumhq\selenium\selenium-opera-driver\3.141.59\selenium-opera-driver-3.141.59.jar;C:\Users\Noman Siddiqui\.m2\repository\org\seleniumhq\selenium\selenium-remote-driver\3.141.59\selenium-remote-driver-3.141.59.jar;C:\Users\Noman Siddiqui\.m2\repository\org\seleniumhq\selenium\selenium-safari-driver\3.141.59\selenium-safari-driver-3.141.59.jar;C:\Users\Noman Siddiqui\.m2\repository\org\seleniumhq\selenium\selenium-support\3.141.59\selenium-support-3.141.59.jar;C:\Users\Noman Siddiqui\.m2\repository\net\bytebuddy\byte-buddy\1.8.15\byte-buddy-1.8.15.jar;C:\Users\Noman Siddiqui\.m2\repository\org\apache\commons\commons-exec\1.3\commons-exec-1.3.jar;C:\Users\Noman Siddiqui\.m2\repository\com\google\guava\guava\25.0-jre\guava-25.0-jre.jar;C:\Users\Noman Siddiqui\.m2\repository\com\google\code\findbugs\jsr305\1.3.9\jsr305-1.3.9.jar;C:\Users\Noman Siddiqui\.m2\repository\org\checkerframework\checker-compat-qual\2.0.0\checker-compat-qual-2.0.0.jar;C:\Users\Noman Siddiqui\.m2\repository\com\google\errorprone\error_prone_annotations\2.1.3\error_prone_annotations-2.1.3.jar;C:\Users\Noman Siddiqui\.m2\repository\com\google\j2objc\j2objc-annotations\1.1\j2objc-annotations-1.1.jar;C:\Users\Noman Siddiqui\.m2\repository\org\codehaus\mojo\animal-sniffer-annotations\1.14\animal-sniffer-annotations-1.14.jar;C:\Users\Noman Siddiqui\.m2\repository\com\squareup\okhttp3\okhttp\3.11.0\okhttp-3.11.0.jar;C:\Users\Noman Siddiqui\.m2\repository\com\squareup\okio\okio\1.14.0\okio-1.14.0.jar;C:\Users\Noman Siddiqui\.m2\repository\org\seleniumhq\selenium\selenium-server\3.141.59\selenium-server-3.141.59.jar;C:\Users\Noman Siddiqui\.m2\repository\net\jcip\jcip-annotations\1.0\jcip-annotations-1.0.jar;C:\Users\Noman Siddiqui\.m2\repository\org\seleniumhq\selenium\jetty-repacked\9.4.12.v20180830\jetty-repacked-9.4.12.v20180830.jar;C:\Users\Noman Siddiqui\.m2\repository\javax\servlet\javax.servlet-api\3.1.0\javax.servlet-api-3.1.0.jar;C:\Users\Noman Siddiqui\.m2\repository\org\yaml\snakeyaml\1.19\snakeyaml-1.19.jar;"/>
    <property name="sun.cpu.endian" value="little"/>
    <property name="user.home" value="C:\Users\Noman Siddiqui"/>
    <property name="user.language" value="en"/>
    <property name="java.specification.vendor" value="Oracle Corporation"/>
    <property name="java.version.date" value="2019-07-16"/>
    <property name="java.home" value="C:\Program Files\Java\jdk-11.0.4"/>
    <property name="file.separator" value="\"/>
    <property name="basedir" value="C:\tools\workspace\PageObjectExtended"/>
    <property name="java.vm.compressedOopsMode" value="Zero based"/>
    <property name="line.separator" value="&#10;"/>
    <property name="java.specification.name" value="Java Platform API Specification"/>
    <property name="java.vm.specification.vendor" value="Oracle Corporation"/>
    <property name="java.awt.graphicsenv" value="sun.awt.Win32GraphicsEnvironment"/>
    <property name="surefire.real.class.path" value="C:\Users\Noman Siddiqui\AppData\Local\Temp\surefire16797475389144341025\surefirebooter15528492343459618421.jar"/>
    <property name="user.script" value=""/>
    <property name="sun.management.compiler" value="HotSpot 64-Bit Tiered Compilers"/>
    <property name="java.runtime.version" value="11.0.4+10-LTS"/>
    <property name="user.name" value="Noman Siddiqui"/>
    <property name="path.separator" value=";"/>
    <property name="os.version" value="10.0"/>
    <property name="java.runtime.name" value="Java(TM) SE Runtime Environment"/>
    <property name="file.encoding" value="Cp1252"/>
    <property name="java.vm.name" value="Java HotSpot(TM) 64-Bit Server VM"/>
    <property name="java.vendor.version" value="18.9"/>
    <property name="localRepository" value="C:\Users\Noman Siddiqui\.m2\repository"/>
    <property name="java.vendor.url.bug" value="http://bugreport.java.com/bugreport/"/>
    <property name="java.io.tmpdir" value="C:\Users\Noman Siddiqui\AppData\Local\Temp\"/>
    <property name="java.version" value="11.0.4"/>
    <property name="user.dir" value="C:\tools\workspace\PageObjectExtended"/>
    <property name="os.arch" value="amd64"/>
    <property name="java.vm.specification.name" value="Java Virtual Machine Specification"/>
    <property name="java.awt.printerjob" value="sun.awt.windows.WPrinterJob"/>
    <property name="sun.os.patch.level" value=""/>
    <property name="java.library.path" value="C:\Program Files\Java\jdk-11.0.4\bin;C:\WINDOWS\Sun\Java\bin;C:\WINDOWS\system32;C:\WINDOWS;C:\tools\apache-maven-3.6.1-bin\apache-maven-3.6.1/bin;C:\Program Files\Java\jdk-11.0.4/bin;C:\Program Files\Java\jdk-11.0.4/bin;C:\Program Files (x86)\Common Files\Oracle\Java\javapath;C:\WINDOWS\system32;C:\WINDOWS;C:\WINDOWS\System32\Wbem;C:\WINDOWS\System32\WindowsPowerShell\v1.0\;C:\WINDOWS\System32\OpenSSH\;C:\Program Files\Java\jdk-11.0.4\bin;C:\Program Files\Java\jre1.8.0_221\bin;C:\tools\apache-ant-1.9.14\bin;C:\tools\apache-maven-3.6.1-bin\apache-maven-3.6.1\bin;C:\Program Files\MySQL\MySQL Server 8.0\bin;C:\tools\platform-tools;C:\Users\Noman Siddiqui\AppData\Local\Programs\Python\Python37-32;C:\tools\gradle-5.6.2\bin;C:\Program Files\nodejs\;C:\Program Files\Git\cmd;C:\Program Files (x86)\GitExtensions\;C:\Program Files\Intel\WiFi\bin\;C:\Program Files\Common Files\Intel\WirelessCommon\;C:\Program Files (x86)\Intel\Intel(R) Management Engine Components\DAL;C:\Program Files\Intel\Intel(R) Management Engine Components\DAL;C:\Program Files\Docker\Docker\resources\bin;C:\ProgramData\DockerDesktop\version-bin;C:\Users\Noman Siddiqui\AppData\Local\Microsoft\WindowsApps;C:\Users\Noman Siddiqui\AppData\Local\Programs\Azure Data Studio\bin;C:\Users\Noman Siddiqui\AppData\Local\GitHubDesktop\bin;C:\Users\Noman Siddiqui\AppData\Local\Programs\Microsoft VS Code\bin;C:\Users\Noman Siddiqui\AppData\Local\atom\bin;C:\Users\Noman Siddiqui\AppData\Roaming\npm;C:\Users\Noman Siddiqui\AppData\Local\Microsoft\WindowsApps;;C:\Program Files\Docker Toolbox;."/>
    <property name="java.vendor" value="Oracle Corporation"/>
    <property name="java.vm.info" value="mixed mode"/>
    <property name="java.vm.version" value="11.0.4+10-LTS"/>
    <property name="sun.io.unicode.encoding" value="UnicodeLittle"/>
    <property name="java.class.version" value="55.0"/>
  </properties>
  <testcase name="loginTest" classname="com.w2a.zoho.testcases.LoginTest" time="0">
    <skipped message="Skipping the test : LoginTest as the Run mode to Data set is NO"/>
    <system-out><![CDATA[INFO    2020-06-16 10:31:40,608 [main] com.w2a.zoho.PageObjects.BasePage  - Configuration file loaded !!!!
validateCRMTest
loginTest
Total rows are : 9
Total rows are : 9
Test case starts from row num: 1
Test case starts from row num: 7
Total rows of data are : 3
Total rows of data are : 1
Total cols are : 2
Total cols are : 5
INFO    2020-06-16 10:31:41,955 [TestNG-PoolService-1] com.w2a.zoho.PageObjects.BasePage  - Inside Login Test
INFO    2020-06-16 10:31:41,955 [TestNG-PoolService-0] com.w2a.zoho.PageObjects.BasePage  - Inside Login Test
chrome browser initiated - Remote WebDriver 
firefox browser initiated - Remote WebDriver 
]]></system-out>
  </testcase>
  <testcase name="loginTest" classname="com.w2a.zoho.testcases.LoginTest" time="29.471"/>
  <testcase name="loginTest" classname="com.w2a.zoho.testcases.LoginTest" time="174.356">
    <failure message="Failed to convert data to an object&#10;Build info: version: &apos;3.141.59&apos;, revision: &apos;e82be7d358&apos;, time: &apos;2018-11-14T08:17:03&apos;&#10;System info: host: &apos;DESKTOP-78R7TOL&apos;, ip: &apos;192.168.99.1&apos;, os.name: &apos;Windows 10&apos;, os.arch: &apos;amd64&apos;, os.version: &apos;10.0&apos;, java.version: &apos;11.0.4&apos;&#10;Driver info: org.openqa.selenium.remote.RemoteWebDriver&#10;Capabilities {acceptInsecureCerts: true, browserName: firefox, browserVersion: 78.0, javascriptEnabled: true, moz:accessibilityChecks: false, moz:buildID: 20200612174529, moz:geckodriverVersion: 0.26.0, moz:headless: false, moz:processID: 12452, moz:profile: C:\Users\Noman Siddiqui\App..., moz:shutdownTimeout: 60000, moz:useNonSpecCompliantPointerOrigin: false, moz:webdriverClick: true, pageLoadStrategy: normal, platform: WINDOWS, platformName: WINDOWS, platformVersion: 10.0, rotatable: false, setWindowRect: true, strictFileInteractability: false, timeouts: {implicit: 0, pageLoad: 300000, script: 30000}, unhandledPromptBehavior: dismiss and notify, webdriver.remote.sessionid: c07c4f06-5678-40c8-8389-361...}&#10;Session ID: c07c4f06-5678-40c8-8389-36151a391b39&#10;*** Element info: {Using=css selector, value=#showCompanyInfoBtn}" type="org.openqa.selenium.WebDriverException">org.openqa.selenium.WebDriverException: 
Failed to convert data to an object
Build info: version: '3.141.59', revision: 'e82be7d358', time: '2018-11-14T08:17:03'
System info: host: 'DESKTOP-78R7TOL', ip: '192.168.99.1', os.name: 'Windows 10', os.arch: 'amd64', os.version: '10.0', java.version: '11.0.4'
Driver info: org.openqa.selenium.remote.RemoteWebDriver
Capabilities {acceptInsecureCerts: true, browserName: firefox, browserVersion: 78.0, javascriptEnabled: true, moz:accessibilityChecks: false, moz:buildID: 20200612174529, moz:geckodriverVersion: 0.26.0, moz:headless: false, moz:processID: 12452, moz:profile: C:\Users\Noman Siddiqui\App..., moz:shutdownTimeout: 60000, moz:useNonSpecCompliantPointerOrigin: false, moz:webdriverClick: true, pageLoadStrategy: normal, platform: WINDOWS, platformName: WINDOWS, platformVersion: 10.0, rotatable: false, setWindowRect: true, strictFileInteractability: false, timeouts: {implicit: 0, pageLoad: 300000, script: 30000}, unhandledPromptBehavior: dismiss and notify, webdriver.remote.sessionid: c07c4f06-5678-40c8-8389-361...}
Session ID: c07c4f06-5678-40c8-8389-36151a391b39
*** Element info: {Using=css selector, value=#showCompanyInfoBtn}
	at com.w2a.zoho.testcases.LoginTest.loginTest(LoginTest.java:22)
</failure>
    <system-out><![CDATA[INFO    2020-06-16 10:32:11,405 [TestNG-PoolService-0] com.w2a.zoho.PageObjects.BasePage  - Text Execution Completed !!!
Clicking on the app icon: crm
]]></system-out>
  </testcase>
  <testcase name="loginTest" classname="com.w2a.zoho.testcases.LoginTest" time="175.843">
    <failure message="java.util.concurrent.ExecutionException: org.openqa.selenium.WebDriverException: Failed to decode response from marionette&#10;Build info: version: &apos;3.141.59&apos;, revision: &apos;e82be7d358&apos;, time: &apos;2018-11-14T08:17:03&apos;&#10;System info: host: &apos;DESKTOP-78R7TOL&apos;, ip: &apos;192.168.99.1&apos;, os.name: &apos;Windows 10&apos;, os.arch: &apos;amd64&apos;, os.version: &apos;10.0&apos;, java.version: &apos;11.0.4&apos;&#10;Driver info: org.openqa.selenium.remote.RemoteWebDriver&#10;Capabilities {acceptInsecureCerts: true, browserName: firefox, browserVersion: 78.0, javascriptEnabled: true, moz:accessibilityChecks: false, moz:buildID: 20200612174529, moz:geckodriverVersion: 0.26.0, moz:headless: false, moz:processID: 12452, moz:profile: C:\Users\Noman Siddiqui\App..., moz:shutdownTimeout: 60000, moz:useNonSpecCompliantPointerOrigin: false, moz:webdriverClick: true, pageLoadStrategy: normal, platform: WINDOWS, platformName: WINDOWS, platformVersion: 10.0, rotatable: false, setWindowRect: true, strictFileInteractability: false, timeouts: {implicit: 0, pageLoad: 300000, script: 30000}, unhandledPromptBehavior: dismiss and notify, webdriver.remote.sessionid: c07c4f06-5678-40c8-8389-361...}&#10;Session ID: c07c4f06-5678-40c8-8389-36151a391b39" type="org.testng.TestNGException">org.testng.TestNGException: 
java.util.concurrent.ExecutionException: org.openqa.selenium.WebDriverException: Failed to decode response from marionette
Build info: version: '3.141.59', revision: 'e82be7d358', time: '2018-11-14T08:17:03'
System info: host: 'DESKTOP-78R7TOL', ip: '192.168.99.1', os.name: 'Windows 10', os.arch: 'amd64', os.version: '10.0', java.version: '11.0.4'
Driver info: org.openqa.selenium.remote.RemoteWebDriver
Capabilities {acceptInsecureCerts: true, browserName: firefox, browserVersion: 78.0, javascriptEnabled: true, moz:accessibilityChecks: false, moz:buildID: 20200612174529, moz:geckodriverVersion: 0.26.0, moz:headless: false, moz:processID: 12452, moz:profile: C:\Users\Noman Siddiqui\App..., moz:shutdownTimeout: 60000, moz:useNonSpecCompliantPointerOrigin: false, moz:webdriverClick: true, pageLoadStrategy: normal, platform: WINDOWS, platformName: WINDOWS, platformVersion: 10.0, rotatable: false, setWindowRect: true, strictFileInteractability: false, timeouts: {implicit: 0, pageLoad: 300000, script: 30000}, unhandledPromptBehavior: dismiss and notify, webdriver.remote.sessionid: c07c4f06-5678-40c8-8389-361...}
Session ID: c07c4f06-5678-40c8-8389-36151a391b39
Caused by: java.util.concurrent.ExecutionException: 
org.openqa.selenium.WebDriverException: Failed to decode response from marionette
Build info: version: '3.141.59', revision: 'e82be7d358', time: '2018-11-14T08:17:03'
System info: host: 'DESKTOP-78R7TOL', ip: '192.168.99.1', os.name: 'Windows 10', os.arch: 'amd64', os.version: '10.0', java.version: '11.0.4'
Driver info: org.openqa.selenium.remote.RemoteWebDriver
Capabilities {acceptInsecureCerts: true, browserName: firefox, browserVersion: 78.0, javascriptEnabled: true, moz:accessibilityChecks: false, moz:buildID: 20200612174529, moz:geckodriverVersion: 0.26.0, moz:headless: false, moz:processID: 12452, moz:profile: C:\Users\Noman Siddiqui\App..., moz:shutdownTimeout: 60000, moz:useNonSpecCompliantPointerOrigin: false, moz:webdriverClick: true, pageLoadStrategy: normal, platform: WINDOWS, platformName: WINDOWS, platformVersion: 10.0, rotatable: false, setWindowRect: true, strictFileInteractability: false, timeouts: {implicit: 0, pageLoad: 300000, script: 30000}, unhandledPromptBehavior: dismiss and notify, webdriver.remote.sessionid: c07c4f06-5678-40c8-8389-361...}
Session ID: c07c4f06-5678-40c8-8389-36151a391b39
Caused by: org.openqa.selenium.WebDriverException: 
Failed to decode response from marionette
Build info: version: '3.141.59', revision: 'e82be7d358', time: '2018-11-14T08:17:03'
System info: host: 'DESKTOP-78R7TOL', ip: '192.168.99.1', os.name: 'Windows 10', os.arch: 'amd64', os.version: '10.0', java.version: '11.0.4'
Driver info: org.openqa.selenium.remote.RemoteWebDriver
Capabilities {acceptInsecureCerts: true, browserName: firefox, browserVersion: 78.0, javascriptEnabled: true, moz:accessibilityChecks: false, moz:buildID: 20200612174529, moz:geckodriverVersion: 0.26.0, moz:headless: false, moz:processID: 12452, moz:profile: C:\Users\Noman Siddiqui\App..., moz:shutdownTimeout: 60000, moz:useNonSpecCompliantPointerOrigin: false, moz:webdriverClick: true, pageLoadStrategy: normal, platform: WINDOWS, platformName: WINDOWS, platformVersion: 10.0, rotatable: false, setWindowRect: true, strictFileInteractability: false, timeouts: {implicit: 0, pageLoad: 300000, script: 30000}, unhandledPromptBehavior: dismiss and notify, webdriver.remote.sessionid: c07c4f06-5678-40c8-8389-361...}
Session ID: c07c4f06-5678-40c8-8389-36151a391b39
</failure>
  </testcase>
  <testcase name="validateCRMTest" classname="com.w2a.zoho.testcases.ValidateCRMTest" time="17.697"/>
</testsuite>