<?xml version="1.0" encoding="UTF-8"?>
<!-- Generated by org.testng.reporters.JUnitReportReporter -->
<testsuite hostname="DESKTOP-78R7TOL" failures="0" tests="1" name="com.w2a.zoho.testcases.ValidateCRMTest" time="17.746" errors="0" timestamp="16 Jun. 2020 14:34:37 GMT" skipped="0">
  <testcase classname="com.w2a.zoho.testcases.ValidateCRMTest" name="validateCRMTest" time="17.746"/>
</testsuite> <!-- com.w2a.zoho.testcases.ValidateCRMTest -->
